  [1m[35m (0.1ms)[0m  [1m[34mSELECT sqlite_version(*)[0m
  [1m[35m (23.5ms)[0m  [1m[35mCREATE TABLE "schema_migrations" ("version" varchar NOT NULL PRIMARY KEY)[0m
  [1m[35m (3.3ms)[0m  [1m[35mCREATE TABLE "ar_internal_metadata" ("key" varchar NOT NULL PRIMARY KEY, "value" varchar, "created_at" datetime NOT NULL, "updated_at" datetime NOT NULL)[0m
  [1m[36mActiveRecord::InternalMetadata Load (0.4ms)[0m  [1m[34mSELECT  "ar_internal_metadata".* FROM "ar_internal_metadata" WHERE "ar_internal_metadata"."key" = ? LIMIT ?[0m  [["key", "environment"], ["LIMIT", 1]]
  [1m[35m (0.2ms)[0m  [1m[36mbegin transaction[0m
  [1m[35mSQL (12.4ms)[0m  [1m[32mINSERT INTO "ar_internal_metadata" ("key", "value", "created_at", "updated_at") VALUES (?, ?, ?, ?)[0m  [["key", "environment"], ["value", "development"], ["created_at", "2017-10-10 17:57:54.285984"], ["updated_at", "2017-10-10 17:57:54.285984"]]
  [1m[35m (18.2ms)[0m  [1m[36mcommit transaction[0m
  [1m[35m (0.1ms)[0m  [1m[34mSELECT "schema_migrations"."version" FROM "schema_migrations" ORDER BY "schema_migrations"."version" ASC[0m
  [1m[36mActiveRecord::InternalMetadata Load (6.6ms)[0m  [1m[34mSELECT  "ar_internal_metadata".* FROM "ar_internal_metadata" WHERE "ar_internal_metadata"."key" = ? LIMIT ?[0m  [["key", "environment"], ["LIMIT", 1]]
  [1m[35m (0.1ms)[0m  [1m[36mbegin transaction[0m
  [1m[35m (0.0ms)[0m  [1m[36mcommit transaction[0m
  [1m[35m (0.4ms)[0m  [1m[34mSELECT "schema_migrations"."version" FROM "schema_migrations" ORDER BY "schema_migrations"."version" ASC[0m
Started POST "/sums" for 127.0.0.1 at 2017-10-10 21:12:25 +0300
Processing by SumsController#create as */*
  Parameters: {"file"=>"/home/simeonch/Downloads.sumx.csv"}
Can't verify CSRF token authenticity.
Completed 500 Internal Server Error in 138ms


  
NoMethodError (undefined method `path' for "/home/simeonch/Downloads.sumx.csv":String
Did you mean?  pathmap):
  
app/controllers/sums_controller.rb:8:in `create'
Started POST "/filters" for 127.0.0.1 at 2017-10-10 21:13:50 +0300
Processing by FiltersController#create as */*
  Parameters: {"file"=>"/home/simeonch/Downloads.sumx.csv"}
Can't verify CSRF token authenticity.
Completed 500 Internal Server Error in 2ms


  
NoMethodError (undefined method `path' for "/home/simeonch/Downloads.sumx.csv":String
Did you mean?  pathmap):
  
app/controllers/filters_controller.rb:8:in `create'
Started POST "/filters" for 127.0.0.1 at 2017-10-10 21:18:41 +0300
  
SyntaxError (/home/simeonch/ToP-2017-2018/FirstProject/config/routes.rb:11: syntax error, unexpected end-of-input, expecting keyword_end):
  
config/routes.rb:11: syntax error, unexpected end-of-input, expecting keyword_end
Started POST "/filters" for 127.0.0.1 at 2017-10-10 21:21:38 +0300
Processing by FiltersController#create as */*
  Parameters: {"file"=>"/home/simeonch/Downloads.sumx.csv"}
Can't verify CSRF token authenticity.
Completed 500 Internal Server Error in 137ms


  
NoMethodError (undefined method `path' for "/home/simeonch/Downloads.sumx.csv":String
Did you mean?  pathmap):
  
app/controllers/filters_controller.rb:8:in `create'
Started POST "/sums" for 127.0.0.1 at 2017-10-10 21:22:04 +0300
Processing by SumsController#create as */*
  Parameters: {"file"=>"/home/simeonch/Downloads.sumx.csv"}
Can't verify CSRF token authenticity.
Completed 500 Internal Server Error in 2ms


  
NoMethodError (undefined method `path' for "/home/simeonch/Downloads.sumx.csv":String
Did you mean?  pathmap):
  
app/controllers/sums_controller.rb:8:in `create'
Started POST "/sums" for 127.0.0.1 at 2017-10-10 21:27:12 +0300
Processing by SumsController#create as */*
  Parameters: {"file"=>"/home/simeonch/Downloads.sumx.csv"}
Can't verify CSRF token authenticity.
Completed 500 Internal Server Error in 132ms


  
NoMethodError (undefined method `path' for "/home/simeonch/Downloads.sumx.csv":String
Did you mean?  pathmap):
  
app/controllers/sums_controller.rb:8:in `create'
Started POST "/sums" for 127.0.0.1 at 2017-10-10 21:31:02 +0300
Processing by SumsController#create as */*
  Parameters: {"file"=>"/home/simeonch/Downloads.sumx.csv"}
Can't verify CSRF token authenticity.
Completed 500 Internal Server Error in 3ms


  
NoMethodError (undefined method `path' for "/home/simeonch/Downloads.sumx.csv":String
Did you mean?  pathmap):
  
app/controllers/sums_controller.rb:8:in `create'
Started POST "/sums" for 127.0.0.1 at 2017-10-10 21:31:10 +0300
Processing by SumsController#create as */*
  Parameters: {"file"=>"/home/simeonch/Downloads.sumx.csv"}
Can't verify CSRF token authenticity.
Completed 500 Internal Server Error in 2ms


  
NoMethodError (undefined method `path' for "/home/simeonch/Downloads.sumx.csv":String
Did you mean?  pathmap):
  
app/controllers/sums_controller.rb:8:in `create'
Started POST "/intervals" for 127.0.0.1 at 2017-10-10 21:32:13 +0300
  
SyntaxError (/home/simeonch/ToP-2017-2018/FirstProject/app/controllers/intervals_controller.rb:22: syntax error, unexpected end-of-input, expecting keyword_end):
  
app/controllers/intervals_controller.rb:22: syntax error, unexpected end-of-input, expecting keyword_end
Started POST "/sums" for 127.0.0.1 at 2017-10-10 21:40:33 +0300
  
LoadError (Unable to autoload constant SumsController, expected /home/simeonch/ToP-2017-2018/FirstProject/app/controllers/sums_controller.rb to define it):
  
activesupport (5.1.4) lib/active_support/dependencies.rb:511:in `load_missing_constant'
activesupport (5.1.4) lib/active_support/dependencies.rb:202:in `const_missing'
activesupport (5.1.4) lib/active_support/inflector/methods.rb:269:in `const_get'
activesupport (5.1.4) lib/active_support/inflector/methods.rb:269:in `block in constantize'
activesupport (5.1.4) lib/active_support/inflector/methods.rb:267:in `each'
activesupport (5.1.4) lib/active_support/inflector/methods.rb:267:in `inject'
activesupport (5.1.4) lib/active_support/inflector/methods.rb:267:in `constantize'
activesupport (5.1.4) lib/active_support/dependencies.rb:582:in `get'
activesupport (5.1.4) lib/active_support/dependencies.rb:613:in `constantize'
actionpack (5.1.4) lib/action_dispatch/http/request.rb:85:in `controller_class_for'
actionpack (5.1.4) lib/action_dispatch/http/parameters.rb:99:in `binary_params_for?'
actionpack (5.1.4) lib/action_dispatch/http/parameters.rb:90:in `set_binary_encoding'
actionpack (5.1.4) lib/action_dispatch/http/parameters.rb:67:in `path_parameters='
actionpack (5.1.4) lib/action_dispatch/journey/router.rb:48:in `block in serve'
actionpack (5.1.4) lib/action_dispatch/journey/router.rb:33:in `each'
actionpack (5.1.4) lib/action_dispatch/journey/router.rb:33:in `serve'
actionpack (5.1.4) lib/action_dispatch/routing/route_set.rb:834:in `call'
rack (2.0.3) lib/rack/etag.rb:25:in `call'
rack (2.0.3) lib/rack/conditional_get.rb:38:in `call'
rack (2.0.3) lib/rack/head.rb:12:in `call'
rack (2.0.3) lib/rack/session/abstract/id.rb:232:in `context'
rack (2.0.3) lib/rack/session/abstract/id.rb:226:in `call'
actionpack (5.1.4) lib/action_dispatch/middleware/cookies.rb:613:in `call'
activerecord (5.1.4) lib/active_record/migration.rb:556:in `call'
actionpack (5.1.4) lib/action_dispatch/middleware/callbacks.rb:26:in `block in call'
activesupport (5.1.4) lib/active_support/callbacks.rb:97:in `run_callbacks'
actionpack (5.1.4) lib/action_dispatch/middleware/callbacks.rb:24:in `call'
actionpack (5.1.4) lib/action_dispatch/middleware/executor.rb:12:in `call'
actionpack (5.1.4) lib/action_dispatch/middleware/debug_exceptions.rb:59:in `call'
web-console (3.5.1) lib/web_console/middleware.rb:135:in `call_app'
web-console (3.5.1) lib/web_console/middleware.rb:28:in `block in call'
web-console (3.5.1) lib/web_console/middleware.rb:18:in `catch'
web-console (3.5.1) lib/web_console/middleware.rb:18:in `call'
actionpack (5.1.4) lib/action_dispatch/middleware/show_exceptions.rb:31:in `call'
railties (5.1.4) lib/rails/rack/logger.rb:36:in `call_app'
railties (5.1.4) lib/rails/rack/logger.rb:24:in `block in call'
activesupport (5.1.4) lib/active_support/tagged_logging.rb:69:in `block in tagged'
activesupport (5.1.4) lib/active_support/tagged_logging.rb:26:in `tagged'
activesupport (5.1.4) lib/active_support/tagged_logging.rb:69:in `tagged'
railties (5.1.4) lib/rails/rack/logger.rb:24:in `call'
sprockets-rails (3.2.1) lib/sprockets/rails/quiet_assets.rb:13:in `call'
actionpack (5.1.4) lib/action_dispatch/middleware/remote_ip.rb:79:in `call'
actionpack (5.1.4) lib/action_dispatch/middleware/request_id.rb:25:in `call'
rack (2.0.3) lib/rack/method_override.rb:22:in `call'
rack (2.0.3) lib/rack/runtime.rb:22:in `call'
activesupport (5.1.4) lib/active_support/cache/strategy/local_cache_middleware.rb:27:in `call'
actionpack (5.1.4) lib/action_dispatch/middleware/executor.rb:12:in `call'
actionpack (5.1.4) lib/action_dispatch/middleware/static.rb:125:in `call'
rack (2.0.3) lib/rack/sendfile.rb:111:in `call'
railties (5.1.4) lib/rails/engine.rb:522:in `call'
puma (3.10.0) lib/puma/configuration.rb:225:in `call'
puma (3.10.0) lib/puma/server.rb:605:in `handle_request'
puma (3.10.0) lib/puma/server.rb:437:in `process_client'
puma (3.10.0) lib/puma/server.rb:301:in `block in run'
puma (3.10.0) lib/puma/thread_pool.rb:120:in `block in spawn_thread'
Started POST "/sums" for 127.0.0.1 at 2017-10-10 21:44:35 +0300
  
LoadError (Unable to autoload constant SumsController, expected /home/simeonch/ToP-2017-2018/FirstProject/app/controllers/sums_controller.rb to define it):
  
activesupport (5.1.4) lib/active_support/dependencies.rb:511:in `load_missing_constant'
activesupport (5.1.4) lib/active_support/dependencies.rb:202:in `const_missing'
activesupport (5.1.4) lib/active_support/inflector/methods.rb:269:in `const_get'
activesupport (5.1.4) lib/active_support/inflector/methods.rb:269:in `block in constantize'
activesupport (5.1.4) lib/active_support/inflector/methods.rb:267:in `each'
activesupport (5.1.4) lib/active_support/inflector/methods.rb:267:in `inject'
activesupport (5.1.4) lib/active_support/inflector/methods.rb:267:in `constantize'
activesupport (5.1.4) lib/active_support/dependencies.rb:582:in `get'
activesupport (5.1.4) lib/active_support/dependencies.rb:613:in `constantize'
actionpack (5.1.4) lib/action_dispatch/http/request.rb:85:in `controller_class_for'
actionpack (5.1.4) lib/action_dispatch/http/parameters.rb:99:in `binary_params_for?'
actionpack (5.1.4) lib/action_dispatch/http/parameters.rb:90:in `set_binary_encoding'
actionpack (5.1.4) lib/action_dispatch/http/parameters.rb:67:in `path_parameters='
actionpack (5.1.4) lib/action_dispatch/journey/router.rb:48:in `block in serve'
actionpack (5.1.4) lib/action_dispatch/journey/router.rb:33:in `each'
actionpack (5.1.4) lib/action_dispatch/journey/router.rb:33:in `serve'
actionpack (5.1.4) lib/action_dispatch/routing/route_set.rb:834:in `call'
rack (2.0.3) lib/rack/etag.rb:25:in `call'
rack (2.0.3) lib/rack/conditional_get.rb:38:in `call'
rack (2.0.3) lib/rack/head.rb:12:in `call'
rack (2.0.3) lib/rack/session/abstract/id.rb:232:in `context'
rack (2.0.3) lib/rack/session/abstract/id.rb:226:in `call'
actionpack (5.1.4) lib/action_dispatch/middleware/cookies.rb:613:in `call'
activerecord (5.1.4) lib/active_record/migration.rb:556:in `call'
actionpack (5.1.4) lib/action_dispatch/middleware/callbacks.rb:26:in `block in call'
activesupport (5.1.4) lib/active_support/callbacks.rb:97:in `run_callbacks'
actionpack (5.1.4) lib/action_dispatch/middleware/callbacks.rb:24:in `call'
actionpack (5.1.4) lib/action_dispatch/middleware/executor.rb:12:in `call'
actionpack (5.1.4) lib/action_dispatch/middleware/debug_exceptions.rb:59:in `call'
web-console (3.5.1) lib/web_console/middleware.rb:135:in `call_app'
web-console (3.5.1) lib/web_console/middleware.rb:28:in `block in call'
web-console (3.5.1) lib/web_console/middleware.rb:18:in `catch'
web-console (3.5.1) lib/web_console/middleware.rb:18:in `call'
actionpack (5.1.4) lib/action_dispatch/middleware/show_exceptions.rb:31:in `call'
railties (5.1.4) lib/rails/rack/logger.rb:36:in `call_app'
railties (5.1.4) lib/rails/rack/logger.rb:24:in `block in call'
activesupport (5.1.4) lib/active_support/tagged_logging.rb:69:in `block in tagged'
activesupport (5.1.4) lib/active_support/tagged_logging.rb:26:in `tagged'
activesupport (5.1.4) lib/active_support/tagged_logging.rb:69:in `tagged'
railties (5.1.4) lib/rails/rack/logger.rb:24:in `call'
sprockets-rails (3.2.1) lib/sprockets/rails/quiet_assets.rb:13:in `call'
actionpack (5.1.4) lib/action_dispatch/middleware/remote_ip.rb:79:in `call'
actionpack (5.1.4) lib/action_dispatch/middleware/request_id.rb:25:in `call'
rack (2.0.3) lib/rack/method_override.rb:22:in `call'
rack (2.0.3) lib/rack/runtime.rb:22:in `call'
activesupport (5.1.4) lib/active_support/cache/strategy/local_cache_middleware.rb:27:in `call'
actionpack (5.1.4) lib/action_dispatch/middleware/executor.rb:12:in `call'
actionpack (5.1.4) lib/action_dispatch/middleware/static.rb:125:in `call'
rack (2.0.3) lib/rack/sendfile.rb:111:in `call'
railties (5.1.4) lib/rails/engine.rb:522:in `call'
puma (3.10.0) lib/puma/configuration.rb:225:in `call'
puma (3.10.0) lib/puma/server.rb:605:in `handle_request'
puma (3.10.0) lib/puma/server.rb:437:in `process_client'
puma (3.10.0) lib/puma/server.rb:301:in `block in run'
puma (3.10.0) lib/puma/thread_pool.rb:120:in `block in spawn_thread'
Started POST "/sums" for 127.0.0.1 at 2017-10-10 21:59:16 +0300
  
LoadError (Unable to autoload constant SumsController, expected /home/simeonch/ToP-2017-2018/FirstProject/app/controllers/sums_controller.rb to define it):
  
activesupport (5.1.4) lib/active_support/dependencies.rb:511:in `load_missing_constant'
activesupport (5.1.4) lib/active_support/dependencies.rb:202:in `const_missing'
activesupport (5.1.4) lib/active_support/inflector/methods.rb:269:in `const_get'
activesupport (5.1.4) lib/active_support/inflector/methods.rb:269:in `block in constantize'
activesupport (5.1.4) lib/active_support/inflector/methods.rb:267:in `each'
activesupport (5.1.4) lib/active_support/inflector/methods.rb:267:in `inject'
activesupport (5.1.4) lib/active_support/inflector/methods.rb:267:in `constantize'
activesupport (5.1.4) lib/active_support/dependencies.rb:582:in `get'
activesupport (5.1.4) lib/active_support/dependencies.rb:613:in `constantize'
actionpack (5.1.4) lib/action_dispatch/http/request.rb:85:in `controller_class_for'
actionpack (5.1.4) lib/action_dispatch/http/parameters.rb:99:in `binary_params_for?'
actionpack (5.1.4) lib/action_dispatch/http/parameters.rb:90:in `set_binary_encoding'
actionpack (5.1.4) lib/action_dispatch/http/parameters.rb:67:in `path_parameters='
actionpack (5.1.4) lib/action_dispatch/journey/router.rb:48:in `block in serve'
actionpack (5.1.4) lib/action_dispatch/journey/router.rb:33:in `each'
actionpack (5.1.4) lib/action_dispatch/journey/router.rb:33:in `serve'
actionpack (5.1.4) lib/action_dispatch/routing/route_set.rb:834:in `call'
rack (2.0.3) lib/rack/etag.rb:25:in `call'
rack (2.0.3) lib/rack/conditional_get.rb:38:in `call'
rack (2.0.3) lib/rack/head.rb:12:in `call'
rack (2.0.3) lib/rack/session/abstract/id.rb:232:in `context'
rack (2.0.3) lib/rack/session/abstract/id.rb:226:in `call'
actionpack (5.1.4) lib/action_dispatch/middleware/cookies.rb:613:in `call'
activerecord (5.1.4) lib/active_record/migration.rb:556:in `call'
actionpack (5.1.4) lib/action_dispatch/middleware/callbacks.rb:26:in `block in call'
activesupport (5.1.4) lib/active_support/callbacks.rb:97:in `run_callbacks'
actionpack (5.1.4) lib/action_dispatch/middleware/callbacks.rb:24:in `call'
actionpack (5.1.4) lib/action_dispatch/middleware/executor.rb:12:in `call'
actionpack (5.1.4) lib/action_dispatch/middleware/debug_exceptions.rb:59:in `call'
web-console (3.5.1) lib/web_console/middleware.rb:135:in `call_app'
web-console (3.5.1) lib/web_console/middleware.rb:28:in `block in call'
web-console (3.5.1) lib/web_console/middleware.rb:18:in `catch'
web-console (3.5.1) lib/web_console/middleware.rb:18:in `call'
actionpack (5.1.4) lib/action_dispatch/middleware/show_exceptions.rb:31:in `call'
railties (5.1.4) lib/rails/rack/logger.rb:36:in `call_app'
railties (5.1.4) lib/rails/rack/logger.rb:24:in `block in call'
activesupport (5.1.4) lib/active_support/tagged_logging.rb:69:in `block in tagged'
activesupport (5.1.4) lib/active_support/tagged_logging.rb:26:in `tagged'
activesupport (5.1.4) lib/active_support/tagged_logging.rb:69:in `tagged'
railties (5.1.4) lib/rails/rack/logger.rb:24:in `call'
sprockets-rails (3.2.1) lib/sprockets/rails/quiet_assets.rb:13:in `call'
actionpack (5.1.4) lib/action_dispatch/middleware/remote_ip.rb:79:in `call'
actionpack (5.1.4) lib/action_dispatch/middleware/request_id.rb:25:in `call'
rack (2.0.3) lib/rack/method_override.rb:22:in `call'
rack (2.0.3) lib/rack/runtime.rb:22:in `call'
activesupport (5.1.4) lib/active_support/cache/strategy/local_cache_middleware.rb:27:in `call'
actionpack (5.1.4) lib/action_dispatch/middleware/executor.rb:12:in `call'
actionpack (5.1.4) lib/action_dispatch/middleware/static.rb:125:in `call'
rack (2.0.3) lib/rack/sendfile.rb:111:in `call'
railties (5.1.4) lib/rails/engine.rb:522:in `call'
puma (3.10.0) lib/puma/configuration.rb:225:in `call'
puma (3.10.0) lib/puma/server.rb:605:in `handle_request'
puma (3.10.0) lib/puma/server.rb:437:in `process_client'
puma (3.10.0) lib/puma/server.rb:301:in `block in run'
puma (3.10.0) lib/puma/thread_pool.rb:120:in `block in spawn_thread'
Started POST "/sums" for 127.0.0.1 at 2017-10-10 22:04:09 +0300
  
LoadError (Unable to autoload constant SumsController, expected /home/simeonch/ToP-2017-2018/FirstProject/app/controllers/sums_controller.rb to define it):
  
activesupport (5.1.4) lib/active_support/dependencies.rb:511:in `load_missing_constant'
activesupport (5.1.4) lib/active_support/dependencies.rb:202:in `const_missing'
activesupport (5.1.4) lib/active_support/inflector/methods.rb:269:in `const_get'
activesupport (5.1.4) lib/active_support/inflector/methods.rb:269:in `block in constantize'
activesupport (5.1.4) lib/active_support/inflector/methods.rb:267:in `each'
activesupport (5.1.4) lib/active_support/inflector/methods.rb:267:in `inject'
activesupport (5.1.4) lib/active_support/inflector/methods.rb:267:in `constantize'
activesupport (5.1.4) lib/active_support/dependencies.rb:582:in `get'
activesupport (5.1.4) lib/active_support/dependencies.rb:613:in `constantize'
actionpack (5.1.4) lib/action_dispatch/http/request.rb:85:in `controller_class_for'
actionpack (5.1.4) lib/action_dispatch/http/parameters.rb:99:in `binary_params_for?'
actionpack (5.1.4) lib/action_dispatch/http/parameters.rb:90:in `set_binary_encoding'
actionpack (5.1.4) lib/action_dispatch/http/parameters.rb:67:in `path_parameters='
actionpack (5.1.4) lib/action_dispatch/journey/router.rb:48:in `block in serve'
actionpack (5.1.4) lib/action_dispatch/journey/router.rb:33:in `each'
actionpack (5.1.4) lib/action_dispatch/journey/router.rb:33:in `serve'
actionpack (5.1.4) lib/action_dispatch/routing/route_set.rb:834:in `call'
rack (2.0.3) lib/rack/etag.rb:25:in `call'
rack (2.0.3) lib/rack/conditional_get.rb:38:in `call'
rack (2.0.3) lib/rack/head.rb:12:in `call'
rack (2.0.3) lib/rack/session/abstract/id.rb:232:in `context'
rack (2.0.3) lib/rack/session/abstract/id.rb:226:in `call'
actionpack (5.1.4) lib/action_dispatch/middleware/cookies.rb:613:in `call'
activerecord (5.1.4) lib/active_record/migration.rb:556:in `call'
actionpack (5.1.4) lib/action_dispatch/middleware/callbacks.rb:26:in `block in call'
activesupport (5.1.4) lib/active_support/callbacks.rb:97:in `run_callbacks'
actionpack (5.1.4) lib/action_dispatch/middleware/callbacks.rb:24:in `call'
actionpack (5.1.4) lib/action_dispatch/middleware/executor.rb:12:in `call'
actionpack (5.1.4) lib/action_dispatch/middleware/debug_exceptions.rb:59:in `call'
web-console (3.5.1) lib/web_console/middleware.rb:135:in `call_app'
web-console (3.5.1) lib/web_console/middleware.rb:28:in `block in call'
web-console (3.5.1) lib/web_console/middleware.rb:18:in `catch'
web-console (3.5.1) lib/web_console/middleware.rb:18:in `call'
actionpack (5.1.4) lib/action_dispatch/middleware/show_exceptions.rb:31:in `call'
railties (5.1.4) lib/rails/rack/logger.rb:36:in `call_app'
railties (5.1.4) lib/rails/rack/logger.rb:24:in `block in call'
activesupport (5.1.4) lib/active_support/tagged_logging.rb:69:in `block in tagged'
activesupport (5.1.4) lib/active_support/tagged_logging.rb:26:in `tagged'
activesupport (5.1.4) lib/active_support/tagged_logging.rb:69:in `tagged'
railties (5.1.4) lib/rails/rack/logger.rb:24:in `call'
sprockets-rails (3.2.1) lib/sprockets/rails/quiet_assets.rb:13:in `call'
actionpack (5.1.4) lib/action_dispatch/middleware/remote_ip.rb:79:in `call'
actionpack (5.1.4) lib/action_dispatch/middleware/request_id.rb:25:in `call'
rack (2.0.3) lib/rack/method_override.rb:22:in `call'
rack (2.0.3) lib/rack/runtime.rb:22:in `call'
activesupport (5.1.4) lib/active_support/cache/strategy/local_cache_middleware.rb:27:in `call'
actionpack (5.1.4) lib/action_dispatch/middleware/executor.rb:12:in `call'
actionpack (5.1.4) lib/action_dispatch/middleware/static.rb:125:in `call'
rack (2.0.3) lib/rack/sendfile.rb:111:in `call'
railties (5.1.4) lib/rails/engine.rb:522:in `call'
puma (3.10.0) lib/puma/configuration.rb:225:in `call'
puma (3.10.0) lib/puma/server.rb:605:in `handle_request'
puma (3.10.0) lib/puma/server.rb:437:in `process_client'
puma (3.10.0) lib/puma/server.rb:301:in `block in run'
puma (3.10.0) lib/puma/thread_pool.rb:120:in `block in spawn_thread'
Started POST "/sums" for 127.0.0.1 at 2017-10-10 22:06:46 +0300
  
LoadError (Unable to autoload constant SumsController, expected /home/simeonch/ToP-2017-2018/FirstProject/app/controllers/sums_controller.rb to define it):
  
activesupport (5.1.4) lib/active_support/dependencies.rb:511:in `load_missing_constant'
activesupport (5.1.4) lib/active_support/dependencies.rb:202:in `const_missing'
activesupport (5.1.4) lib/active_support/inflector/methods.rb:269:in `const_get'
activesupport (5.1.4) lib/active_support/inflector/methods.rb:269:in `block in constantize'
activesupport (5.1.4) lib/active_support/inflector/methods.rb:267:in `each'
activesupport (5.1.4) lib/active_support/inflector/methods.rb:267:in `inject'
activesupport (5.1.4) lib/active_support/inflector/methods.rb:267:in `constantize'
activesupport (5.1.4) lib/active_support/dependencies.rb:582:in `get'
activesupport (5.1.4) lib/active_support/dependencies.rb:613:in `constantize'
actionpack (5.1.4) lib/action_dispatch/http/request.rb:85:in `controller_class_for'
actionpack (5.1.4) lib/action_dispatch/http/parameters.rb:99:in `binary_params_for?'
actionpack (5.1.4) lib/action_dispatch/http/parameters.rb:90:in `set_binary_encoding'
actionpack (5.1.4) lib/action_dispatch/http/parameters.rb:67:in `path_parameters='
actionpack (5.1.4) lib/action_dispatch/journey/router.rb:48:in `block in serve'
actionpack (5.1.4) lib/action_dispatch/journey/router.rb:33:in `each'
actionpack (5.1.4) lib/action_dispatch/journey/router.rb:33:in `serve'
actionpack (5.1.4) lib/action_dispatch/routing/route_set.rb:834:in `call'
rack (2.0.3) lib/rack/etag.rb:25:in `call'
rack (2.0.3) lib/rack/conditional_get.rb:38:in `call'
rack (2.0.3) lib/rack/head.rb:12:in `call'
rack (2.0.3) lib/rack/session/abstract/id.rb:232:in `context'
rack (2.0.3) lib/rack/session/abstract/id.rb:226:in `call'
actionpack (5.1.4) lib/action_dispatch/middleware/cookies.rb:613:in `call'
activerecord (5.1.4) lib/active_record/migration.rb:556:in `call'
actionpack (5.1.4) lib/action_dispatch/middleware/callbacks.rb:26:in `block in call'
activesupport (5.1.4) lib/active_support/callbacks.rb:97:in `run_callbacks'
actionpack (5.1.4) lib/action_dispatch/middleware/callbacks.rb:24:in `call'
actionpack (5.1.4) lib/action_dispatch/middleware/executor.rb:12:in `call'
actionpack (5.1.4) lib/action_dispatch/middleware/debug_exceptions.rb:59:in `call'
web-console (3.5.1) lib/web_console/middleware.rb:135:in `call_app'
web-console (3.5.1) lib/web_console/middleware.rb:28:in `block in call'
web-console (3.5.1) lib/web_console/middleware.rb:18:in `catch'
web-console (3.5.1) lib/web_console/middleware.rb:18:in `call'
actionpack (5.1.4) lib/action_dispatch/middleware/show_exceptions.rb:31:in `call'
railties (5.1.4) lib/rails/rack/logger.rb:36:in `call_app'
railties (5.1.4) lib/rails/rack/logger.rb:24:in `block in call'
activesupport (5.1.4) lib/active_support/tagged_logging.rb:69:in `block in tagged'
activesupport (5.1.4) lib/active_support/tagged_logging.rb:26:in `tagged'
activesupport (5.1.4) lib/active_support/tagged_logging.rb:69:in `tagged'
railties (5.1.4) lib/rails/rack/logger.rb:24:in `call'
sprockets-rails (3.2.1) lib/sprockets/rails/quiet_assets.rb:13:in `call'
actionpack (5.1.4) lib/action_dispatch/middleware/remote_ip.rb:79:in `call'
actionpack (5.1.4) lib/action_dispatch/middleware/request_id.rb:25:in `call'
rack (2.0.3) lib/rack/method_override.rb:22:in `call'
rack (2.0.3) lib/rack/runtime.rb:22:in `call'
activesupport (5.1.4) lib/active_support/cache/strategy/local_cache_middleware.rb:27:in `call'
actionpack (5.1.4) lib/action_dispatch/middleware/executor.rb:12:in `call'
actionpack (5.1.4) lib/action_dispatch/middleware/static.rb:125:in `call'
rack (2.0.3) lib/rack/sendfile.rb:111:in `call'
railties (5.1.4) lib/rails/engine.rb:522:in `call'
puma (3.10.0) lib/puma/configuration.rb:225:in `call'
puma (3.10.0) lib/puma/server.rb:605:in `handle_request'
puma (3.10.0) lib/puma/server.rb:437:in `process_client'
puma (3.10.0) lib/puma/server.rb:301:in `block in run'
puma (3.10.0) lib/puma/thread_pool.rb:120:in `block in spawn_thread'
Started POST "/sums" for 127.0.0.1 at 2017-10-10 22:10:46 +0300
Processing by ApplicationController#sums as */*
  Parameters: {"file"=>#<ActionDispatch::Http::UploadedFile:0x0000557aaf99e010 @tempfile=#<Tempfile:/tmp/RackMultipart20171010-11385-1dlmzo0.csv>, @original_filename="sumx.csv", @content_type="application/octet-stream", @headers="Content-Disposition: form-data; name=\"file\"; filename=\"sumx.csv\"\r\nContent-Type: application/octet-stream\r\n">}
Can't verify CSRF token authenticity.
  Rendering text template
  Rendered text template (0.0ms)
Completed 200 OK in 401ms (Views: 35.7ms)


Started POST "/sums" for 127.0.0.1 at 2017-10-10 22:12:50 +0300
Processing by ApplicationController#sums as */*
  Parameters: {"file"=>#<ActionDispatch::Http::UploadedFile:0x000055c0f6c7eab8 @tempfile=#<Tempfile:/tmp/RackMultipart20171010-11684-1xi500r.csv>, @original_filename="sumx.csv", @content_type="application/octet-stream", @headers="Content-Disposition: form-data; name=\"file\"; filename=\"sumx.csv\"\r\nContent-Type: application/octet-stream\r\n">}
Can't verify CSRF token authenticity.
  Rendering text template
  Rendered text template (0.0ms)
Completed 200 OK in 141ms (Views: 2.1ms)


Started POST "/sums" for 127.0.0.1 at 2017-10-10 22:16:54 +0300
Processing by ApplicationController#sums as */*
  Parameters: {"file"=>#<ActionDispatch::Http::UploadedFile:0x000055c61c6863d8 @tempfile=#<Tempfile:/tmp/RackMultipart20171010-12084-169xf1v.csv>, @original_filename="sumx.csv", @content_type="application/octet-stream", @headers="Content-Disposition: form-data; name=\"file\"; filename=\"sumx.csv\"\r\nContent-Type: application/octet-stream\r\n">}
Can't verify CSRF token authenticity.
  Rendering text template
  Rendered text template (0.0ms)
Completed 200 OK in 97ms (Views: 2.0ms)


Started POST "/filters" for 127.0.0.1 at 2017-10-10 22:17:09 +0300
Processing by ApplicationController#filters as */*
  Parameters: {"file"=>#<ActionDispatch::Http::UploadedFile:0x000055c61bd170e0 @tempfile=#<Tempfile:/tmp/RackMultipart20171010-12084-e3qsuv.csv>, @original_filename="sumx.csv", @content_type="application/octet-stream", @headers="Content-Disposition: form-data; name=\"file\"; filename=\"sumx.csv\"\r\nContent-Type: application/octet-stream\r\n">}
Can't verify CSRF token authenticity.
  Rendering text template
  Rendered text template (0.0ms)
Completed 200 OK in 1ms (Views: 0.3ms)


Started POST "/intervals" for 127.0.0.1 at 2017-10-10 22:27:36 +0300
Processing by ApplicationController#intervals as */*
  Parameters: {"file"=>#<ActionDispatch::Http::UploadedFile:0x000055c61d6ca8e8 @tempfile=#<Tempfile:/tmp/RackMultipart20171010-12084-chg4nu.csv>, @original_filename="sumx.csv", @content_type="application/octet-stream", @headers="Content-Disposition: form-data; name=\"file\"; filename=\"sumx.csv\"\r\nContent-Type: application/octet-stream\r\n">}
Can't verify CSRF token authenticity.
Completed 500 Internal Server Error in 1ms


  
NoMethodError (undefined method `ceil' for nil:NilClass):
  
app/controllers/application_controller.rb:45:in `intervals'
Started POST "/intervals" for 127.0.0.1 at 2017-10-10 22:32:18 +0300
  
SyntaxError (/home/simeonch/ToP-2017-2018/FirstProject/app/controllers/application_controller.rb:47: syntax error, unexpected end-of-input, expecting keyword_end):
  
app/controllers/application_controller.rb:47: syntax error, unexpected end-of-input, expecting keyword_end
Started POST "/sums" for 127.0.0.1 at 2017-10-10 22:32:29 +0300
  
SyntaxError (/home/simeonch/ToP-2017-2018/FirstProject/app/controllers/application_controller.rb:47: syntax error, unexpected end-of-input, expecting keyword_end):
  
app/controllers/application_controller.rb:47: syntax error, unexpected end-of-input, expecting keyword_end
Started POST "/sums" for 127.0.0.1 at 2017-10-10 22:33:49 +0300
  
SyntaxError (/home/simeonch/ToP-2017-2018/FirstProject/app/controllers/application_controller.rb:47: syntax error, unexpected end-of-input, expecting keyword_end):
  
app/controllers/application_controller.rb:47: syntax error, unexpected end-of-input, expecting keyword_end
Started POST "/sums" for 127.0.0.1 at 2017-10-10 22:35:24 +0300
Processing by ApplicationController#sums as */*
  Parameters: {"file"=>#<ActionDispatch::Http::UploadedFile:0x0000561d665e73b8 @tempfile=#<Tempfile:/tmp/RackMultipart20171010-13369-19psrcs.csv>, @original_filename="sumx.csv", @content_type="application/octet-stream", @headers="Content-Disposition: form-data; name=\"file\"; filename=\"sumx.csv\"\r\nContent-Type: application/octet-stream\r\n">}
Can't verify CSRF token authenticity.
  Rendering text template
  Rendered text template (0.0ms)
Completed 200 OK in 324ms (Views: 13.2ms)


Started POST "/sums" for 127.0.0.1 at 2017-10-10 22:44:30 +0300
Processing by ApplicationController#sums as */*
  Parameters: {"file"=>#<ActionDispatch::Http::UploadedFile:0x000055849014a270 @tempfile=#<Tempfile:/tmp/RackMultipart20171010-13837-nv3g2q.csv>, @original_filename="sumx.csv", @content_type="application/octet-stream", @headers="Content-Disposition: form-data; name=\"file\"; filename=\"sumx.csv\"\r\nContent-Type: application/octet-stream\r\n">}
Can't verify CSRF token authenticity.
  Rendering text template
  Rendered text template (0.0ms)
Completed 200 OK in 138ms (Views: 2.2ms)


Started POST "/intervals" for 127.0.0.1 at 2017-10-10 22:44:48 +0300
  
ActionController::RoutingError (No route matches [POST] "/intervals"):
  
actionpack (5.1.4) lib/action_dispatch/middleware/debug_exceptions.rb:63:in `call'
web-console (3.5.1) lib/web_console/middleware.rb:135:in `call_app'
web-console (3.5.1) lib/web_console/middleware.rb:28:in `block in call'
web-console (3.5.1) lib/web_console/middleware.rb:18:in `catch'
web-console (3.5.1) lib/web_console/middleware.rb:18:in `call'
actionpack (5.1.4) lib/action_dispatch/middleware/show_exceptions.rb:31:in `call'
railties (5.1.4) lib/rails/rack/logger.rb:36:in `call_app'
railties (5.1.4) lib/rails/rack/logger.rb:24:in `block in call'
activesupport (5.1.4) lib/active_support/tagged_logging.rb:69:in `block in tagged'
activesupport (5.1.4) lib/active_support/tagged_logging.rb:26:in `tagged'
activesupport (5.1.4) lib/active_support/tagged_logging.rb:69:in `tagged'
railties (5.1.4) lib/rails/rack/logger.rb:24:in `call'
sprockets-rails (3.2.1) lib/sprockets/rails/quiet_assets.rb:13:in `call'
actionpack (5.1.4) lib/action_dispatch/middleware/remote_ip.rb:79:in `call'
actionpack (5.1.4) lib/action_dispatch/middleware/request_id.rb:25:in `call'
rack (2.0.3) lib/rack/method_override.rb:22:in `call'
rack (2.0.3) lib/rack/runtime.rb:22:in `call'
activesupport (5.1.4) lib/active_support/cache/strategy/local_cache_middleware.rb:27:in `call'
actionpack (5.1.4) lib/action_dispatch/middleware/executor.rb:12:in `call'
actionpack (5.1.4) lib/action_dispatch/middleware/static.rb:125:in `call'
rack (2.0.3) lib/rack/sendfile.rb:111:in `call'
railties (5.1.4) lib/rails/engine.rb:522:in `call'
puma (3.10.0) lib/puma/configuration.rb:225:in `call'
puma (3.10.0) lib/puma/server.rb:605:in `handle_request'
puma (3.10.0) lib/puma/server.rb:437:in `process_client'
puma (3.10.0) lib/puma/server.rb:301:in `block in run'
puma (3.10.0) lib/puma/thread_pool.rb:120:in `block in spawn_thread'
Started POST "/filters" for 127.0.0.1 at 2017-10-10 22:45:32 +0300
Processing by ApplicationController#filters as */*
  Parameters: {"file"=>#<ActionDispatch::Http::UploadedFile:0x00007f8fcc009728 @tempfile=#<Tempfile:/tmp/RackMultipart20171010-13837-f4lu0g.csv>, @original_filename="sumx.csv", @content_type="application/octet-stream", @headers="Content-Disposition: form-data; name=\"file\"; filename=\"sumx.csv\"\r\nContent-Type: application/octet-stream\r\n">}
Can't verify CSRF token authenticity.
  Rendering text template
  Rendered text template (0.0ms)
Completed 200 OK in 1ms (Views: 0.3ms)


Started POST "/filters" for 127.0.0.1 at 2017-10-10 23:02:44 +0300
Processing by ApplicationController#filters as */*
  Parameters: {"file"=>#<ActionDispatch::Http::UploadedFile:0x000055d38cda9ae8 @tempfile=#<Tempfile:/tmp/RackMultipart20171010-14512-12std4d.csv>, @original_filename="sumx.csv", @content_type="application/octet-stream", @headers="Content-Disposition: form-data; name=\"file\"; filename=\"sumx.csv\"\r\nContent-Type: application/octet-stream\r\n">}
Can't verify CSRF token authenticity.
  Rendering text template
  Rendered text template (0.0ms)
Completed 200 OK in 146ms (Views: 2.1ms)


Started POST "/intervals" for 127.0.0.1 at 2017-10-10 23:02:50 +0300
Processing by ApplicationController#intervals as */*
  Parameters: {"file"=>#<ActionDispatch::Http::UploadedFile:0x000055d38d226e68 @tempfile=#<Tempfile:/tmp/RackMultipart20171010-14512-1dte8zv.csv>, @original_filename="sumx.csv", @content_type="application/octet-stream", @headers="Content-Disposition: form-data; name=\"file\"; filename=\"sumx.csv\"\r\nContent-Type: application/octet-stream\r\n">}
Can't verify CSRF token authenticity.
Completed 500 Internal Server Error in 67ms


  
NoMethodError (undefined method `processCSVFile' for #<ApplicationController:0x000055d38d227f70>
Did you mean?  process_action):
  
app/controllers/application_controller.rb:33:in `intervals'
Started POST "/filters" for 127.0.0.1 at 2017-10-10 23:04:43 +0300
Processing by ApplicationController#filters as */*
  Parameters: {"file"=>#<ActionDispatch::Http::UploadedFile:0x000055de3096af78 @tempfile=#<Tempfile:/tmp/RackMultipart20171010-14792-hvht4g.csv>, @original_filename="sumx.csv", @content_type="application/octet-stream", @headers="Content-Disposition: form-data; name=\"file\"; filename=\"sumx.csv\"\r\nContent-Type: application/octet-stream\r\n">}
Can't verify CSRF token authenticity.
  Rendering text template
  Rendered text template (0.0ms)
Completed 200 OK in 271ms (Views: 16.7ms)


Started POST "/intervals" for 127.0.0.1 at 2017-10-10 23:04:52 +0300
  
AbstractController::ActionNotFound (The action 'intervals' could not be found for ApplicationController):
  
actionpack (5.1.4) lib/abstract_controller/base.rb:119:in `process'
actionview (5.1.4) lib/action_view/rendering.rb:30:in `process'
actionpack (5.1.4) lib/action_controller/metal.rb:189:in `dispatch'
actionpack (5.1.4) lib/action_controller/metal.rb:253:in `dispatch'
actionpack (5.1.4) lib/action_dispatch/routing/route_set.rb:49:in `dispatch'
actionpack (5.1.4) lib/action_dispatch/routing/route_set.rb:31:in `serve'
actionpack (5.1.4) lib/action_dispatch/journey/router.rb:50:in `block in serve'
actionpack (5.1.4) lib/action_dispatch/journey/router.rb:33:in `each'
actionpack (5.1.4) lib/action_dispatch/journey/router.rb:33:in `serve'
actionpack (5.1.4) lib/action_dispatch/routing/route_set.rb:834:in `call'
rack (2.0.3) lib/rack/etag.rb:25:in `call'
rack (2.0.3) lib/rack/conditional_get.rb:38:in `call'
rack (2.0.3) lib/rack/head.rb:12:in `call'
rack (2.0.3) lib/rack/session/abstract/id.rb:232:in `context'
rack (2.0.3) lib/rack/session/abstract/id.rb:226:in `call'
actionpack (5.1.4) lib/action_dispatch/middleware/cookies.rb:613:in `call'
activerecord (5.1.4) lib/active_record/migration.rb:556:in `call'
actionpack (5.1.4) lib/action_dispatch/middleware/callbacks.rb:26:in `block in call'
activesupport (5.1.4) lib/active_support/callbacks.rb:97:in `run_callbacks'
actionpack (5.1.4) lib/action_dispatch/middleware/callbacks.rb:24:in `call'
actionpack (5.1.4) lib/action_dispatch/middleware/executor.rb:12:in `call'
actionpack (5.1.4) lib/action_dispatch/middleware/debug_exceptions.rb:59:in `call'
web-console (3.5.1) lib/web_console/middleware.rb:135:in `call_app'
web-console (3.5.1) lib/web_console/middleware.rb:28:in `block in call'
web-console (3.5.1) lib/web_console/middleware.rb:18:in `catch'
web-console (3.5.1) lib/web_console/middleware.rb:18:in `call'
actionpack (5.1.4) lib/action_dispatch/middleware/show_exceptions.rb:31:in `call'
railties (5.1.4) lib/rails/rack/logger.rb:36:in `call_app'
railties (5.1.4) lib/rails/rack/logger.rb:24:in `block in call'
activesupport (5.1.4) lib/active_support/tagged_logging.rb:69:in `block in tagged'
activesupport (5.1.4) lib/active_support/tagged_logging.rb:26:in `tagged'
activesupport (5.1.4) lib/active_support/tagged_logging.rb:69:in `tagged'
railties (5.1.4) lib/rails/rack/logger.rb:24:in `call'
sprockets-rails (3.2.1) lib/sprockets/rails/quiet_assets.rb:13:in `call'
actionpack (5.1.4) lib/action_dispatch/middleware/remote_ip.rb:79:in `call'
actionpack (5.1.4) lib/action_dispatch/middleware/request_id.rb:25:in `call'
rack (2.0.3) lib/rack/method_override.rb:22:in `call'
rack (2.0.3) lib/rack/runtime.rb:22:in `call'
activesupport (5.1.4) lib/active_support/cache/strategy/local_cache_middleware.rb:27:in `call'
actionpack (5.1.4) lib/action_dispatch/middleware/executor.rb:12:in `call'
actionpack (5.1.4) lib/action_dispatch/middleware/static.rb:125:in `call'
rack (2.0.3) lib/rack/sendfile.rb:111:in `call'
railties (5.1.4) lib/rails/engine.rb:522:in `call'
puma (3.10.0) lib/puma/configuration.rb:225:in `call'
puma (3.10.0) lib/puma/server.rb:605:in `handle_request'
puma (3.10.0) lib/puma/server.rb:437:in `process_client'
puma (3.10.0) lib/puma/server.rb:301:in `block in run'
puma (3.10.0) lib/puma/thread_pool.rb:120:in `block in spawn_thread'
Started POST "/intervals" for 127.0.0.1 at 2017-10-10 23:06:17 +0300
Processing by ApplicationController#intervals as */*
  Parameters: {"file"=>#<ActionDispatch::Http::UploadedFile:0x000055fe5bbdd918 @tempfile=#<Tempfile:/tmp/RackMultipart20171010-15056-qe4if6.csv>, @original_filename="sumx.csv", @content_type="application/octet-stream", @headers="Content-Disposition: form-data; name=\"file\"; filename=\"sumx.csv\"\r\nContent-Type: application/octet-stream\r\n">}
Can't verify CSRF token authenticity.
  Rendering text template
  Rendered text template (0.0ms)
Completed 200 OK in 138ms (Views: 2.3ms)


Started POST "/intervals" for 127.0.0.1 at 2017-10-10 23:16:09 +0300
Processing by ApplicationController#intervals as */*
  Parameters: {"file"=>#<ActionDispatch::Http::UploadedFile:0x000055d6e82ce948 @tempfile=#<Tempfile:/tmp/RackMultipart20171010-15353-11r2a5d.csv>, @original_filename="sumx.csv", @content_type="application/octet-stream", @headers="Content-Disposition: form-data; name=\"file\"; filename=\"sumx.csv\"\r\nContent-Type: application/octet-stream\r\n">}
Can't verify CSRF token authenticity.
  Rendering text template
  Rendered text template (0.0ms)
Completed 200 OK in 153ms (Views: 2.4ms)


Started POST "/intervals" for 127.0.0.1 at 2017-10-10 23:25:36 +0300
  
SyntaxError (/home/simeonch/ToP-2017-2018/FirstProject/app/controllers/application_controller.rb:52: syntax error, unexpected end-of-input, expecting keyword_end):
  
app/controllers/application_controller.rb:52: syntax error, unexpected end-of-input, expecting keyword_end
Started POST "/intervals" for 127.0.0.1 at 2017-10-10 23:27:15 +0300
Processing by ApplicationController#intervals as */*
  Parameters: {"file"=>#<ActionDispatch::Http::UploadedFile:0x000055abedc37de8 @tempfile=#<Tempfile:/tmp/RackMultipart20171010-15937-nmvpig.csv>, @original_filename="sumx.csv", @content_type="application/octet-stream", @headers="Content-Disposition: form-data; name=\"file\"; filename=\"sumx.csv\"\r\nContent-Type: application/octet-stream\r\n">}
Can't verify CSRF token authenticity.
  Rendering text template
  Rendered text template (0.0ms)
Completed 200 OK in 594ms (Views: 34.1ms)


Started POST "/intervals" for 127.0.0.1 at 2017-10-10 23:37:06 +0300
  
LoadError (cannot load such file -- linefit):
  
app/controllers/application_controller.rb:4:in `<class:ApplicationController>'
app/controllers/application_controller.rb:1:in `<top (required)>'
Started POST "/intervals" for 127.0.0.1 at 2017-10-10 23:40:49 +0300
  
LoadError (cannot load such file -- linefit):
  
app/controllers/application_controller.rb:4:in `<class:ApplicationController>'
app/controllers/application_controller.rb:1:in `<top (required)>'
Started POST "/intervals" for 127.0.0.1 at 2017-10-10 23:41:46 +0300
Processing by ApplicationController#intervals as */*
  Parameters: {"file"=>#<ActionDispatch::Http::UploadedFile:0x000055fc7bfdfb10 @tempfile=#<Tempfile:/tmp/RackMultipart20171010-17070-1fi19gc.csv>, @original_filename="sumx.csv", @content_type="application/octet-stream", @headers="Content-Disposition: form-data; name=\"file\"; filename=\"sumx.csv\"\r\nContent-Type: application/octet-stream\r\n">}
Can't verify CSRF token authenticity.
  Rendering text template
  Rendered text template (0.0ms)
Completed 200 OK in 268ms (Views: 12.3ms)


Started POST "/lin_regressions" for 127.0.0.1 at 2017-10-10 23:42:06 +0300
Processing by ApplicationController#lin_regressions as */*
  Parameters: {"file"=>#<ActionDispatch::Http::UploadedFile:0x000055fc7b5fa398 @tempfile=#<Tempfile:/tmp/RackMultipart20171010-17070-1kp6lgv.csv>, @original_filename="sumx.csv", @content_type="application/octet-stream", @headers="Content-Disposition: form-data; name=\"file\"; filename=\"sumx.csv\"\r\nContent-Type: application/octet-stream\r\n">}
Can't verify CSRF token authenticity.
Completed 500 Internal Server Error in 63ms


  
NoMethodError (undefined method `processCSVFile' for #<ApplicationController:0x000055fc7b601350>
Did you mean?  process_action):
  
app/controllers/application_controller.rb:57:in `lin_regressions'
Started POST "/lin_regression" for 127.0.0.1 at 2017-10-10 23:42:12 +0300
  
ActionController::RoutingError (No route matches [POST] "/lin_regression"):
  
actionpack (5.1.4) lib/action_dispatch/middleware/debug_exceptions.rb:63:in `call'
web-console (3.5.1) lib/web_console/middleware.rb:135:in `call_app'
web-console (3.5.1) lib/web_console/middleware.rb:28:in `block in call'
web-console (3.5.1) lib/web_console/middleware.rb:18:in `catch'
web-console (3.5.1) lib/web_console/middleware.rb:18:in `call'
actionpack (5.1.4) lib/action_dispatch/middleware/show_exceptions.rb:31:in `call'
railties (5.1.4) lib/rails/rack/logger.rb:36:in `call_app'
railties (5.1.4) lib/rails/rack/logger.rb:24:in `block in call'
activesupport (5.1.4) lib/active_support/tagged_logging.rb:69:in `block in tagged'
activesupport (5.1.4) lib/active_support/tagged_logging.rb:26:in `tagged'
activesupport (5.1.4) lib/active_support/tagged_logging.rb:69:in `tagged'
railties (5.1.4) lib/rails/rack/logger.rb:24:in `call'
sprockets-rails (3.2.1) lib/sprockets/rails/quiet_assets.rb:13:in `call'
actionpack (5.1.4) lib/action_dispatch/middleware/remote_ip.rb:79:in `call'
actionpack (5.1.4) lib/action_dispatch/middleware/request_id.rb:25:in `call'
rack (2.0.3) lib/rack/method_override.rb:22:in `call'
rack (2.0.3) lib/rack/runtime.rb:22:in `call'
activesupport (5.1.4) lib/active_support/cache/strategy/local_cache_middleware.rb:27:in `call'
actionpack (5.1.4) lib/action_dispatch/middleware/executor.rb:12:in `call'
actionpack (5.1.4) lib/action_dispatch/middleware/static.rb:125:in `call'
rack (2.0.3) lib/rack/sendfile.rb:111:in `call'
railties (5.1.4) lib/rails/engine.rb:522:in `call'
puma (3.10.0) lib/puma/configuration.rb:225:in `call'
puma (3.10.0) lib/puma/server.rb:605:in `handle_request'
puma (3.10.0) lib/puma/server.rb:437:in `process_client'
puma (3.10.0) lib/puma/server.rb:301:in `block in run'
puma (3.10.0) lib/puma/thread_pool.rb:120:in `block in spawn_thread'
Started POST "/lin_regression" for 127.0.0.1 at 2017-10-10 23:43:36 +0300
  
ActionController::RoutingError (No route matches [POST] "/lin_regression"):
  
actionpack (5.1.4) lib/action_dispatch/middleware/debug_exceptions.rb:63:in `call'
web-console (3.5.1) lib/web_console/middleware.rb:135:in `call_app'
web-console (3.5.1) lib/web_console/middleware.rb:28:in `block in call'
web-console (3.5.1) lib/web_console/middleware.rb:18:in `catch'
web-console (3.5.1) lib/web_console/middleware.rb:18:in `call'
actionpack (5.1.4) lib/action_dispatch/middleware/show_exceptions.rb:31:in `call'
railties (5.1.4) lib/rails/rack/logger.rb:36:in `call_app'
railties (5.1.4) lib/rails/rack/logger.rb:24:in `block in call'
activesupport (5.1.4) lib/active_support/tagged_logging.rb:69:in `block in tagged'
activesupport (5.1.4) lib/active_support/tagged_logging.rb:26:in `tagged'
activesupport (5.1.4) lib/active_support/tagged_logging.rb:69:in `tagged'
railties (5.1.4) lib/rails/rack/logger.rb:24:in `call'
sprockets-rails (3.2.1) lib/sprockets/rails/quiet_assets.rb:13:in `call'
actionpack (5.1.4) lib/action_dispatch/middleware/remote_ip.rb:79:in `call'
actionpack (5.1.4) lib/action_dispatch/middleware/request_id.rb:25:in `call'
rack (2.0.3) lib/rack/method_override.rb:22:in `call'
rack (2.0.3) lib/rack/runtime.rb:22:in `call'
activesupport (5.1.4) lib/active_support/cache/strategy/local_cache_middleware.rb:27:in `call'
actionpack (5.1.4) lib/action_dispatch/middleware/executor.rb:12:in `call'
actionpack (5.1.4) lib/action_dispatch/middleware/static.rb:125:in `call'
rack (2.0.3) lib/rack/sendfile.rb:111:in `call'
railties (5.1.4) lib/rails/engine.rb:522:in `call'
puma (3.10.0) lib/puma/configuration.rb:225:in `call'
puma (3.10.0) lib/puma/server.rb:605:in `handle_request'
puma (3.10.0) lib/puma/server.rb:437:in `process_client'
puma (3.10.0) lib/puma/server.rb:301:in `block in run'
puma (3.10.0) lib/puma/thread_pool.rb:120:in `block in spawn_thread'
Started POST "/lin_regressions" for 127.0.0.1 at 2017-10-10 23:43:39 +0300
  
SyntaxError (/home/simeonch/ToP-2017-2018/FirstProject/app/controllers/application_controller.rb:58: dynamic constant assignment
	Incomes_col = 0;
	             ^
/home/simeonch/ToP-2017-2018/FirstProject/app/controllers/application_controller.rb:59: dynamic constant assignment
	ColX = 0;    
	      ^
/home/simeonch/ToP-2017-2018/FirstProject/app/controllers/application_controller.rb:69: syntax error, unexpected end-of-input, expecting keyword_end):
  
app/controllers/application_controller.rb:58: dynamic constant assignment
app/controllers/application_controller.rb:59: dynamic constant assignment
app/controllers/application_controller.rb:69: syntax error, unexpected end-of-input, expecting keyword_end
Started POST "/lin_regressions" for 127.0.0.1 at 2017-10-10 23:44:39 +0300
  
SyntaxError (/home/simeonch/ToP-2017-2018/FirstProject/app/controllers/application_controller.rb:58: dynamic constant assignment
	Incomes_col = 0;
	             ^
/home/simeonch/ToP-2017-2018/FirstProject/app/controllers/application_controller.rb:59: dynamic constant assignment
	ColX = 0;    
	      ^):
  
app/controllers/application_controller.rb:58: dynamic constant assignment
app/controllers/application_controller.rb:59: dynamic constant assignment
Started POST "/sums" for 127.0.0.1 at 2017-10-10 23:45:46 +0300
  
SyntaxError (/home/simeonch/ToP-2017-2018/FirstProject/app/controllers/application_controller.rb:58: dynamic constant assignment
	Incomes_col = 0;
	             ^
/home/simeonch/ToP-2017-2018/FirstProject/app/controllers/application_controller.rb:59: dynamic constant assignment
	ColX = 0;    
	      ^):
  
app/controllers/application_controller.rb:58: dynamic constant assignment
app/controllers/application_controller.rb:59: dynamic constant assignment
Started POST "/sums" for 127.0.0.1 at 2017-10-10 23:47:21 +0300
Processing by ApplicationController#sums as */*
  Parameters: {"file"=>#<ActionDispatch::Http::UploadedFile:0x000055c0e9850688 @tempfile=#<Tempfile:/tmp/RackMultipart20171010-18411-8qhrhu.csv>, @original_filename="sumx.csv", @content_type="application/octet-stream", @headers="Content-Disposition: form-data; name=\"file\"; filename=\"sumx.csv\"\r\nContent-Type: application/octet-stream\r\n">}
Can't verify CSRF token authenticity.
  Rendering text template
  Rendered text template (0.0ms)
Completed 200 OK in 140ms (Views: 2.2ms)


Started POST "/intervals" for 127.0.0.1 at 2017-10-10 23:47:27 +0300
Processing by ApplicationController#intervals as */*
  Parameters: {"file"=>#<ActionDispatch::Http::UploadedFile:0x00007f276000e6f8 @tempfile=#<Tempfile:/tmp/RackMultipart20171010-18411-qsod.csv>, @original_filename="sumx.csv", @content_type="application/octet-stream", @headers="Content-Disposition: form-data; name=\"file\"; filename=\"sumx.csv\"\r\nContent-Type: application/octet-stream\r\n">}
Can't verify CSRF token authenticity.
  Rendering text template
  Rendered text template (0.0ms)
Completed 200 OK in 1ms (Views: 0.3ms)


